<?xml version="1.0" encoding="UTF-8"?>
<!-- Generated by org.testng.reporters.JUnitXMLReporter -->
<testsuite ignored="0" hostname="SowmyaMP" failures="1" tests="16" name="Test" time="546.688" errors="0" timestamp="2020-07-11T18:16:12 IST">
  <testcase classname="com.training.sanity.tests.RegisterTest" name="validRegisterTest" time="14.257"/>
  <testcase classname="com.training.sanity.tests.RegisterExcelTest" name="registerDataExcelTest" time="15.292"/>
  <testcase classname="com.training.sanity.tests.RegisterExcelTest" name="registerDataExcelTest" time="14.323"/>
  <testcase classname="com.training.sanity.tests.RegisterExcelTest" name="registerDataExcelTest" time="14.338"/>
  <testcase classname="com.training.sanity.tests.RegisterExcelTest" name="registerDataExcelTest" time="14.973"/>
  <testcase classname="com.training.sanity.tests.RegisterExcelTest" name="registerDataExcelTest1" time="16.565"/>
  <testcase classname="com.training.sanity.tests.RegisterExcelTest" name="registerDataExcelTest1" time="10.738">
    <failure type="java.lang.AssertionError" message="expected [Register Account] but found [Your Account Has Been Created!]">
      <![CDATA[java.lang.AssertionError: expected [Register Account] but found [Your Account Has Been Created!]
at com.training.sanity.tests.RegisterExcelTest.registerDataExcelTest1(RegisterExcelTest.java:148)
at java.base/java.util.ArrayList.forEach(ArrayList.java:1510)
... Removed 32 stack frames]]>
    </failure>
  </testcase> <!-- registerDataExcelTest1 -->
  <testcase classname="com.training.sanity.tests.RegisterExcelTest" name="registerDataExcelTest1" time="14.008"/>
  <testcase classname="com.training.sanity.tests.RegisterExcelTest" name="registerDataExcelTest1" time="15.306"/>
  <testcase classname="com.training.sanity.tests.RegisterDBTest" name="registerDBTest" time="15.495"/>
  <testcase classname="com.training.sanity.tests.RegisterDBTest" name="registerDBTest" time="14.79"/>
  <testcase classname="com.training.sanity.tests.LoginTest" name="validLoginTest" time="8.615"/>
  <testcase classname="com.training.sanity.tests.LoginTest" name="invalidLoginTest" time="8.437"/>
  <testcase classname="com.training.sanity.tests.RecoveryPasswordTest" name="recoverPasswordTest" time="11.371"/>
  <testcase classname="com.training.sanity.tests.PreLoginCheckoutTest" name="preLoginCheckout" time="39.447"/>
  <testcase classname="com.training.sanity.tests.LoginAndPlaceOrderTest" name="loginCheckout" time="59.761"/>
</testsuite> <!-- Test -->
